0 info it worked if it ends with ok
1 verbose cli [ '/Users/matheus.costa/Documents/projetos/graylog/graylog-project-repos/graylog-plugin-oauth2/node/node',
1 verbose cli   '/Users/matheus.costa/Documents/projetos/graylog/graylog-project-repos/graylog-plugin-oauth2/node/node_modules/npm/bin/npm-cli.js',
1 verbose cli   'run',
1 verbose cli   'build' ]
2 info using npm@4.0.3
3 info using node@v6.9.2
4 verbose run-script [ 'prebuild', 'build', 'postbuild' ]
5 info lifecycle graylog-plugin-oauth2@1.0.0-SNAPSHOT~prebuild: graylog-plugin-oauth2@1.0.0-SNAPSHOT
6 silly lifecycle graylog-plugin-oauth2@1.0.0-SNAPSHOT~prebuild: no script for prebuild, continuing
7 info lifecycle graylog-plugin-oauth2@1.0.0-SNAPSHOT~build: graylog-plugin-oauth2@1.0.0-SNAPSHOT
8 verbose lifecycle graylog-plugin-oauth2@1.0.0-SNAPSHOT~build: unsafe-perm in lifecycle true
9 verbose lifecycle graylog-plugin-oauth2@1.0.0-SNAPSHOT~build: PATH: /Users/matheus.costa/Documents/projetos/graylog/graylog-project-repos/graylog-plugin-oauth2/node/node_modules/npm/bin/node-gyp-bin:/Users/matheus.costa/Documents/projetos/graylog/graylog-project-repos/graylog-plugin-oauth2/node_modules/.bin:/Users/matheus.costa/Documents/projetos/graylog/graylog-project-repos/graylog-plugin-oauth2/node:/usr/local/bin:/usr/bin:/bin:/usr/sbin:/sbin:/Users/matheus.costa/bin:
10 verbose lifecycle graylog-plugin-oauth2@1.0.0-SNAPSHOT~build: CWD: /Users/matheus.costa/Documents/projetos/graylog/graylog-project-repos/graylog-plugin-oauth2
11 silly lifecycle graylog-plugin-oauth2@1.0.0-SNAPSHOT~build: Args: [ '-c', 'webpack --bail -p' ]
12 silly lifecycle graylog-plugin-oauth2@1.0.0-SNAPSHOT~build: Returned: code: 2  signal: null
13 info lifecycle graylog-plugin-oauth2@1.0.0-SNAPSHOT~build: Failed to exec build script
14 verbose stack Error: graylog-plugin-oauth2@1.0.0-SNAPSHOT build: `webpack --bail -p`
14 verbose stack Exit status 2
14 verbose stack     at EventEmitter.<anonymous> (/Users/matheus.costa/Documents/projetos/graylog/graylog-project-repos/graylog-plugin-oauth2/node/node_modules/npm/lib/utils/lifecycle.js:279:16)
14 verbose stack     at emitTwo (events.js:106:13)
14 verbose stack     at EventEmitter.emit (events.js:191:7)
14 verbose stack     at ChildProcess.<anonymous> (/Users/matheus.costa/Documents/projetos/graylog/graylog-project-repos/graylog-plugin-oauth2/node/node_modules/npm/lib/utils/spawn.js:40:14)
14 verbose stack     at emitTwo (events.js:106:13)
14 verbose stack     at ChildProcess.emit (events.js:191:7)
14 verbose stack     at maybeClose (internal/child_process.js:877:16)
14 verbose stack     at Process.ChildProcess._handle.onexit (internal/child_process.js:226:5)
15 verbose pkgid graylog-plugin-oauth2@1.0.0-SNAPSHOT
16 verbose cwd /Users/matheus.costa/Documents/projetos/graylog/graylog-project-repos/graylog-plugin-oauth2
17 error Darwin 18.0.0
18 error argv "/Users/matheus.costa/Documents/projetos/graylog/graylog-project-repos/graylog-plugin-oauth2/node/node" "/Users/matheus.costa/Documents/projetos/graylog/graylog-project-repos/graylog-plugin-oauth2/node/node_modules/npm/bin/npm-cli.js" "run" "build"
19 error node v6.9.2
20 error npm  v4.0.3
21 error code ELIFECYCLE
22 error graylog-plugin-oauth2@1.0.0-SNAPSHOT build: `webpack --bail -p`
22 error Exit status 2
23 error Failed at the graylog-plugin-oauth2@1.0.0-SNAPSHOT build script 'webpack --bail -p'.
23 error Make sure you have the latest version of node.js and npm installed.
23 error If you do, this is most likely a problem with the graylog-plugin-oauth2 package,
23 error not with npm itself.
23 error Tell the author that this fails on your system:
23 error     webpack --bail -p
23 error You can get information on how to open an issue for this project with:
23 error     npm bugs graylog-plugin-oauth2
23 error Or if that isn't available, you can get their info via:
23 error     npm owner ls graylog-plugin-oauth2
23 error There is likely additional logging output above.
24 verbose exit [ 1, true ]
